<?xml version="1.0" encoding="UTF-8"?>
<testsuite xmlns:xsi="http://www.w3.org/2001/XMLSchema-instance" xsi:noNamespaceSchemaLocation="https://maven.apache.org/surefire/maven-surefire-plugin/xsd/surefire-test-report.xsd" name="com.cy.store.StoreApplicationTests" time="6.707" tests="2" errors="0" skipped="0" failures="0">
  <properties>
[...]
</properties>
  <testcase name="getConnection" classname="com.cy.store.StoreApplicationTests" time="1.022"/>
  <testcase name="contextLoads" classname="com.cy.store.StoreApplicationTests" time="0.007"/>
</testsuite>